This is pdfTeX, Version 3.141592653-2.6-1.40.23 (MiKTeX 21.10) (preloaded format=pdflatex 2021.10.29)  15 DEC 2021 11:56
entering extended mode
**"d:/Desktop/Masterproef/Mobile Deep Visual Detection and Recognition/thesis.tex"
(d:/Desktop/Masterproef/Mobile Deep Visual Detection and Recognition/thesis.tex
LaTeX2e <2021-06-01> patch level 1
L3 programming layer <2021-10-18> (C:\Users\Thijs Vercammen\AppData\Local\Programs\MiKTeX\tex/latex/base\report.cls
Document Class: report 2021/02/12 v1.4n Standard LaTeX document class
(C:\Users\Thijs Vercammen\AppData\Local\Programs\MiKTeX\tex/latex/base\size11.clo
File: size11.clo 2021/02/12 v1.4n Standard LaTeX file (size option)
)
\c@part=\count182
\c@chapter=\count183
\c@section=\count184
\c@subsection=\count185
\c@subsubsection=\count186
\c@paragraph=\count187
\c@subparagraph=\count188
\c@figure=\count189
\c@table=\count190
\abovecaptionskip=\skip47
\belowcaptionskip=\skip48
\bibindent=\dimen138
) (C:\Users\Thijs Vercammen\AppData\Local\Programs\MiKTeX\tex/latex/geometry\geometry.sty
Package: geometry 2020/01/02 v5.9 Page Geometry
 (C:\Users\Thijs Vercammen\AppData\Local\Programs\MiKTeX\tex/latex/graphics\keyval.sty
Package: keyval 2014/10/28 v1.15 key=value parser (DPC)
\KV@toks@=\toks16
) (C:\Users\Thijs Vercammen\AppData\Local\Programs\MiKTeX\tex/generic/iftex\ifvtex.sty
Package: ifvtex 2019/10/25 v1.7 ifvtex legacy package. Use iftex instead.
 (C:\Users\Thijs Vercammen\AppData\Local\Programs\MiKTeX\tex/generic/iftex\iftex.sty
Package: iftex 2020/03/06 v1.0d TeX engine tests
))
\Gm@cnth=\count191
\Gm@cntv=\count192
\c@Gm@tempcnt=\count193
\Gm@bindingoffset=\dimen139
\Gm@wd@mp=\dimen140
\Gm@odd@mp=\dimen141
\Gm@even@mp=\dimen142
\Gm@layoutwidth=\dimen143
\Gm@layoutheight=\dimen144
\Gm@layouthoffset=\dimen145
\Gm@layoutvoffset=\dimen146
\Gm@dimlist=\toks17
 (C:\Users\Thijs Vercammen\AppData\Local\Programs\MiKTeX\tex/latex/geometry\geometry.cfg)) (C:\Users\Thijs Vercammen\AppData\Local\Programs\MiKTeX\tex/generic/babel\babel.sty
Package: babel 2021/10/19 3.65 The Babel package
\babel@savecnt=\count194
\U@D=\dimen147
\l@unhyphenated=\language79
 (C:\Users\Thijs Vercammen\AppData\Local\Programs\MiKTeX\tex/generic/babel\txtbabel.def)
\bbl@readstream=\read2
\bbl@dirlevel=\count195

*************************************
* Local config file bblopts.cfg used
*
(C:\Users\Thijs Vercammen\AppData\Local\Programs\MiKTeX\tex/latex/arabi\bblopts.cfg
File: bblopts.cfg 2005/09/08 v0.1 add Arabic and Farsi to "declared" options of babel
) (C:\Users\Thijs Vercammen\AppData\Local\Programs\MiKTeX\tex/latex/babel-dutch\dutch.ldf
Language: dutch 2021/08/29 v3.8l Dutch support from the babel system
Package babel Info: Making " an active character on input line 127.
)) (C:\Users\Thijs Vercammen\AppData\Local\Programs\MiKTeX\tex/latex/graphics\graphicx.sty
Package: graphicx 2020/12/05 v1.2c Enhanced LaTeX Graphics (DPC,SPQR)
 (C:\Users\Thijs Vercammen\AppData\Local\Programs\MiKTeX\tex/latex/graphics\graphics.sty
Package: graphics 2021/03/04 v1.4d Standard LaTeX Graphics (DPC,SPQR)
 (C:\Users\Thijs Vercammen\AppData\Local\Programs\MiKTeX\tex/latex/graphics\trig.sty
Package: trig 2016/01/03 v1.10 sin cos tan (DPC)
) (C:\Users\Thijs Vercammen\AppData\Local\Programs\MiKTeX\tex/latex/graphics-cfg\graphics.cfg
File: graphics.cfg 2016/06/04 v1.11 sample graphics configuration
)
Package graphics Info: Driver file: pdftex.def on input line 107.
 (C:\Users\Thijs Vercammen\AppData\Local\Programs\MiKTeX\tex/latex/graphics-def\pdftex.def
File: pdftex.def 2020/10/05 v1.2a Graphics/color driver for pdftex
))
\Gin@req@height=\dimen148
\Gin@req@width=\dimen149
) (C:\Users\Thijs Vercammen\AppData\Local\Programs\MiKTeX\tex/latex/base\inputenc.sty
Package: inputenc 2021/02/14 v1.3d Input encoding file
\inpenc@prehook=\toks18
\inpenc@posthook=\toks19
 (C:\Users\Thijs Vercammen\AppData\Local\Programs\MiKTeX\tex/latex/base\latin1.def
File: latin1.def 2021/02/14 v1.3d Input encoding file
)) (C:\Users\Thijs Vercammen\AppData\Local\Programs\MiKTeX\tex/latex/natbib\natbib.sty
Package: natbib 2010/09/13 8.31b (PWD, AO)
\bibhang=\skip49
\bibsep=\skip50
LaTeX Info: Redefining \cite on input line 694.
\c@NAT@ctr=\count196
) (C:\Users\Thijs Vercammen\AppData\Local\Programs\MiKTeX\tex/latex/listings\listings.sty
\lst@mode=\count197
\lst@gtempboxa=\box50
\lst@token=\toks20
\lst@length=\count198
\lst@currlwidth=\dimen150
\lst@column=\count199
\lst@pos=\count266
\lst@lostspace=\dimen151
\lst@width=\dimen152
\lst@newlines=\count267
\lst@lineno=\count268
\lst@maxwidth=\dimen153
 (C:\Users\Thijs Vercammen\AppData\Local\Programs\MiKTeX\tex/latex/listings\lstmisc.sty
File: lstmisc.sty 2020/03/24 1.8d (Carsten Heinz)
\c@lstnumber=\count269
\lst@skipnumbers=\count270
\lst@framebox=\box51
) (C:\Users\Thijs Vercammen\AppData\Local\Programs\MiKTeX\tex/latex/listings\listings.cfg
File: listings.cfg 2020/03/24 1.8d listings configuration
))
Package: listings 2020/03/24 1.8d (Carsten Heinz)
 (C:\Users\Thijs Vercammen\AppData\Local\Programs\MiKTeX\tex/latex/tools\verbatim.sty
Package: verbatim 2020-07-07 v1.5u LaTeX2e package for verbatim enhancements
\every@verbatim=\toks21
\verbatim@line=\toks22
\verbatim@in@stream=\read3
) (C:\Users\Thijs Vercammen\AppData\Local\Programs\MiKTeX\tex/latex/hyperref\hyperref.sty
Package: hyperref 2021-06-07 v7.00m Hypertext links for LaTeX
 (C:\Users\Thijs Vercammen\AppData\Local\Programs\MiKTeX\tex/generic/ltxcmds\ltxcmds.sty
Package: ltxcmds 2020-05-10 v1.25 LaTeX kernel commands for general use (HO)
) (C:\Users\Thijs Vercammen\AppData\Local\Programs\MiKTeX\tex/generic/pdftexcmds\pdftexcmds.sty
Package: pdftexcmds 2020-06-27 v0.33 Utility functions of pdfTeX for LuaTeX (HO)
 (C:\Users\Thijs Vercammen\AppData\Local\Programs\MiKTeX\tex/generic/infwarerr\infwarerr.sty
Package: infwarerr 2019/12/03 v1.5 Providing info/warning/error messages (HO)
)
Package pdftexcmds Info: \pdf@primitive is available.
Package pdftexcmds Info: \pdf@ifprimitive is available.
Package pdftexcmds Info: \pdfdraftmode found.
) (C:\Users\Thijs Vercammen\AppData\Local\Programs\MiKTeX\tex/generic/kvsetkeys\kvsetkeys.sty
Package: kvsetkeys 2019/12/15 v1.18 Key value parser (HO)
) (C:\Users\Thijs Vercammen\AppData\Local\Programs\MiKTeX\tex/generic/kvdefinekeys\kvdefinekeys.sty
Package: kvdefinekeys 2019-12-19 v1.6 Define keys (HO)
) (C:\Users\Thijs Vercammen\AppData\Local\Programs\MiKTeX\tex/generic/pdfescape\pdfescape.sty
Package: pdfescape 2019/12/09 v1.15 Implements pdfTeX's escape features (HO)
) (C:\Users\Thijs Vercammen\AppData\Local\Programs\MiKTeX\tex/latex/hycolor\hycolor.sty
Package: hycolor 2020-01-27 v1.10 Color options for hyperref/bookmark (HO)
) (C:\Users\Thijs Vercammen\AppData\Local\Programs\MiKTeX\tex/latex/letltxmacro\letltxmacro.sty
Package: letltxmacro 2019/12/03 v1.6 Let assignment for LaTeX macros (HO)
) (C:\Users\Thijs Vercammen\AppData\Local\Programs\MiKTeX\tex/latex/auxhook\auxhook.sty
Package: auxhook 2019-12-17 v1.6 Hooks for auxiliary files (HO)
) (C:\Users\Thijs Vercammen\AppData\Local\Programs\MiKTeX\tex/latex/kvoptions\kvoptions.sty
Package: kvoptions 2020-10-07 v3.14 Key value format for package options (HO)
)
\@linkdim=\dimen154
\Hy@linkcounter=\count271
\Hy@pagecounter=\count272
 (C:\Users\Thijs Vercammen\AppData\Local\Programs\MiKTeX\tex/latex/hyperref\pd1enc.def
File: pd1enc.def 2021-06-07 v7.00m Hyperref: PDFDocEncoding definition (HO)
Now handling font encoding PD1 ...
... no UTF-8 mapping file for font encoding PD1
) (C:\Users\Thijs Vercammen\AppData\Local\Programs\MiKTeX\tex/latex/hyperref\hyperref-langpatches.def
File: hyperref-langpatches.def 2021-06-07 v7.00m Hyperref: patches for babel languages
) (C:\Users\Thijs Vercammen\AppData\Local\Programs\MiKTeX\tex/generic/intcalc\intcalc.sty
Package: intcalc 2019/12/15 v1.3 Expandable calculations with integers (HO)
) (C:\Users\Thijs Vercammen\AppData\Local\Programs\MiKTeX\tex/generic/etexcmds\etexcmds.sty
Package: etexcmds 2019/12/15 v1.7 Avoid name clashes with e-TeX commands (HO)
)
\Hy@SavedSpaceFactor=\count273
 (C:\Users\Thijs Vercammen\AppData\Local\Programs\MiKTeX\tex/latex/hyperref\puenc.def
File: puenc.def 2021-06-07 v7.00m Hyperref: PDF Unicode definition (HO)
Now handling font encoding PU ...
... no UTF-8 mapping file for font encoding PU
)
Package hyperref Info: Hyper figures OFF on input line 4192.
Package hyperref Info: Link nesting OFF on input line 4197.
Package hyperref Info: Hyper index ON on input line 4200.
Package hyperref Info: Plain pages OFF on input line 4207.
Package hyperref Info: Backreferencing OFF on input line 4212.
Package hyperref Info: Implicit mode ON; LaTeX internals redefined.
Package hyperref Info: Bookmarks ON on input line 4445.
\c@Hy@tempcnt=\count274
 (C:\Users\Thijs Vercammen\AppData\Local\Programs\MiKTeX\tex/latex/url\url.sty
\Urlmuskip=\muskip16
Package: url 2013/09/16  ver 3.4  Verb mode for urls, etc.
)
LaTeX Info: Redefining \url on input line 4804.
\XeTeXLinkMargin=\dimen155
 (C:\Users\Thijs Vercammen\AppData\Local\Programs\MiKTeX\tex/generic/bitset\bitset.sty
Package: bitset 2019/12/09 v1.3 Handle bit-vector datatype (HO)
 (C:\Users\Thijs Vercammen\AppData\Local\Programs\MiKTeX\tex/generic/bigintcalc\bigintcalc.sty
Package: bigintcalc 2019/12/15 v1.5 Expandable calculations on big integers (HO)
))
\Fld@menulength=\count275
\Field@Width=\dimen156
\Fld@charsize=\dimen157
Package hyperref Info: Hyper figures OFF on input line 6076.
Package hyperref Info: Link nesting OFF on input line 6081.
Package hyperref Info: Hyper index ON on input line 6084.
Package hyperref Info: backreferencing OFF on input line 6091.
Package hyperref Info: Link coloring OFF on input line 6096.
Package hyperref Info: Link coloring with OCG OFF on input line 6101.
Package hyperref Info: PDF/A mode OFF on input line 6106.
LaTeX Info: Redefining \ref on input line 6146.
LaTeX Info: Redefining \pageref on input line 6150.
 (C:\Users\Thijs Vercammen\AppData\Local\Programs\MiKTeX\tex/latex/base\atbegshi-ltx.sty
Package: atbegshi-ltx 2021/01/10 v1.0c Emulation of the original atbegshi
package with kernel methods
)
\Hy@abspage=\count276
\c@Item=\count277
\c@Hfootnote=\count278
)
Package hyperref Info: Driver (autodetected): hpdftex.
 (C:\Users\Thijs Vercammen\AppData\Local\Programs\MiKTeX\tex/latex/hyperref\hpdftex.def
File: hpdftex.def 2021-06-07 v7.00m Hyperref driver for pdfTeX
 (C:\Users\Thijs Vercammen\AppData\Local\Programs\MiKTeX\tex/latex/base\atveryend-ltx.sty
Package: atveryend-ltx 2020/08/19 v1.0a Emulation of the original atvery package
with kernel methods
)
\Fld@listcount=\count279
\c@bookmark@seq@number=\count280
 (C:\Users\Thijs Vercammen\AppData\Local\Programs\MiKTeX\tex/latex/rerunfilecheck\rerunfilecheck.sty
Package: rerunfilecheck 2019/12/05 v1.9 Rerun checks for auxiliary files (HO)
 (C:\Users\Thijs Vercammen\AppData\Local\Programs\MiKTeX\tex/generic/uniquecounter\uniquecounter.sty
Package: uniquecounter 2019/12/15 v1.4 Provide unlimited unique counter (HO)
)
Package uniquecounter Info: New unique counter `rerunfilecheck' on input line 286.
)
\Hy@SectionHShift=\skip51
) (C:\Users\Thijs Vercammen\AppData\Local\Programs\MiKTeX\tex/latex/caption\caption.sty
Package: caption 2020/10/26 v3.5g Customizing captions (AR)
 (C:\Users\Thijs Vercammen\AppData\Local\Programs\MiKTeX\tex/latex/caption\caption3.sty
Package: caption3 2020/10/21 v2.2e caption3 kernel (AR)
\captionmargin=\dimen158
\captionmargin@=\dimen159
\captionwidth=\dimen160
\caption@tempdima=\dimen161
\caption@indent=\dimen162
\caption@parindent=\dimen163
\caption@hangindent=\dimen164
Package caption Info: Standard document class detected.
)
\c@caption@flags=\count281
\c@continuedfloat=\count282
Package caption Info: hyperref package is loaded.
Package caption Info: listings package is loaded.
) (C:\Users\Thijs Vercammen\AppData\Local\Programs\MiKTeX\tex/latex/pdfpages\pdfpages.sty
Package: pdfpages 2021/03/06 v0.5t Insert pages of external PDF documents (AM)
 (C:\Users\Thijs Vercammen\AppData\Local\Programs\MiKTeX\tex/latex/base\ifthen.sty
Package: ifthen 2020/11/24 v1.1c Standard LaTeX ifthen package (DPC)
) (C:\Users\Thijs Vercammen\AppData\Local\Programs\MiKTeX\tex/latex/tools\calc.sty
Package: calc 2017/05/25 v4.3 Infix arithmetic (KKT,FJ)
\calc@Acount=\count283
\calc@Bcount=\count284
\calc@Adimen=\dimen165
\calc@Bdimen=\dimen166
\calc@Askip=\skip52
\calc@Bskip=\skip53
LaTeX Info: Redefining \setlength on input line 80.
LaTeX Info: Redefining \addtolength on input line 81.
\calc@Ccount=\count285
\calc@Cskip=\skip54
) (C:\Users\Thijs Vercammen\AppData\Local\Programs\MiKTeX\tex/latex/eso-pic\eso-pic.sty
Package: eso-pic 2020/10/14 v3.0a eso-pic (RN)
\ESO@tempdima=\dimen167
\ESO@tempdimb=\dimen168
 (C:\Users\Thijs Vercammen\AppData\Local\Programs\MiKTeX\tex/latex/xcolor\xcolor.sty
Package: xcolor 2016/05/11 v2.12 LaTeX color extensions (UK)
 (C:\Users\Thijs Vercammen\AppData\Local\Programs\MiKTeX\tex/latex/graphics-cfg\color.cfg
File: color.cfg 2016/01/02 v1.6 sample color configuration
)
Package xcolor Info: Driver file: pdftex.def on input line 225.
Package xcolor Info: Model `cmy' substituted by `cmy0' on input line 1348.
Package xcolor Info: Model `hsb' substituted by `rgb' on input line 1352.
Package xcolor Info: Model `RGB' extended on input line 1364.
Package xcolor Info: Model `HTML' substituted by `rgb' on input line 1366.
Package xcolor Info: Model `Hsb' substituted by `hsb' on input line 1367.
Package xcolor Info: Model `tHsb' substituted by `hsb' on input line 1368.
Package xcolor Info: Model `HSB' substituted by `hsb' on input line 1369.
Package xcolor Info: Model `Gray' substituted by `gray' on input line 1370.
Package xcolor Info: Model `wave' substituted by `hsb' on input line 1371.
))
\AM@pagewidth=\dimen169
\AM@pageheight=\dimen170
\AM@fboxrule=\dimen171
 (C:\Users\Thijs Vercammen\AppData\Local\Programs\MiKTeX\tex/latex/pdfpages\pppdftex.def
File: pppdftex.def 2021/03/06 v0.5t Pdfpages driver for pdfTeX (AM)
)
\pdfpages@includegraphics@status=\count286
\AM@pagebox=\box52
\AM@global@opts=\toks23
\AM@pagecnt=\count287
\AM@toc@title=\toks24
\c@AM@survey=\count288
\AM@templatesizebox=\box53
) (C:\Users\Thijs Vercammen\AppData\Local\Programs\MiKTeX\tex/latex/pslatex\pslatex.sty
Package: pslatex 2021/01/13 v1.3 pslatex emulation (DPC)
LaTeX Font Info:    Redeclaring symbol font `operators' on input line 66.
LaTeX Font Info:    Overwriting symbol font `operators' in version `normal'
(Font)                  OT1/cmr/m/n --> OT1/ptmcm/m/n on input line 66.
LaTeX Font Info:    Overwriting symbol font `operators' in version `bold'
(Font)                  OT1/cmr/bx/n --> OT1/ptmcm/m/n on input line 66.
LaTeX Font Info:    Redeclaring symbol font `letters' on input line 67.
LaTeX Font Info:    Overwriting symbol font `letters' in version `normal'
(Font)                  OML/cmm/m/it --> OML/ptmcm/m/it on input line 67.
LaTeX Font Info:    Overwriting symbol font `letters' in version `bold'
(Font)                  OML/cmm/b/it --> OML/ptmcm/m/it on input line 67.
LaTeX Font Info:    Redeclaring symbol font `symbols' on input line 68.
LaTeX Font Info:    Overwriting symbol font `symbols' in version `normal'
(Font)                  OMS/cmsy/m/n --> OMS/pzccm/m/n on input line 68.
LaTeX Font Info:    Overwriting symbol font `symbols' in version `bold'
(Font)                  OMS/cmsy/b/n --> OMS/pzccm/m/n on input line 68.
LaTeX Font Info:    Redeclaring symbol font `largesymbols' on input line 69.
LaTeX Font Info:    Overwriting symbol font `largesymbols' in version `normal'
(Font)                  OMX/cmex/m/n --> OMX/psycm/m/n on input line 69.
LaTeX Font Info:    Overwriting symbol font `largesymbols' in version `bold'
(Font)                  OMX/cmex/m/n --> OMX/psycm/m/n on input line 69.
\symbold=\mathgroup4
\symitalic=\mathgroup5
LaTeX Font Info:    Redeclaring math alphabet \mathbf on input line 75.
LaTeX Font Info:    Overwriting math alphabet `\mathbf' in version `normal'
(Font)                  OT1/cmr/bx/n --> OT1/ptm/bx/n on input line 75.
LaTeX Font Info:    Overwriting math alphabet `\mathbf' in version `bold'
(Font)                  OT1/cmr/bx/n --> OT1/ptm/bx/n on input line 75.
LaTeX Font Info:    Redeclaring math alphabet \mathit on input line 76.
LaTeX Font Info:    Overwriting math alphabet `\mathit' in version `normal'
(Font)                  OT1/cmr/m/it --> OT1/ptm/m/it on input line 76.
LaTeX Font Info:    Overwriting math alphabet `\mathit' in version `bold'
(Font)                  OT1/cmr/bx/it --> OT1/ptm/m/it on input line 76.
) (C:\Users\Thijs Vercammen\AppData\Local\Programs\MiKTeX\tex/latex/lipsum\lipsum.sty (C:\Users\Thijs Vercammen\AppData\Local\Programs\MiKTeX\tex/latex/l3packages/l3keys2e\l3keys2e.sty (C:\Users\Thijs Vercammen\AppData\Local\Programs\MiKTeX\tex/latex/l3kernel\expl3.sty
Package: expl3 2021-10-18 L3 programming layer (loader) 
 (C:\Users\Thijs Vercammen\AppData\Local\Programs\MiKTeX\tex/latex/l3backend\l3backend-pdftex.def
File: l3backend-pdftex.def 2021-10-18 L3 backend support: PDF output (pdfTeX)
\l__color_backend_stack_int=\count289
\l__pdf_internal_box=\box54
))
Package: l3keys2e 2021-08-27 LaTeX2e option processing using LaTeX3 keys
)
Package: lipsum 2021-09-20 v2.7 150 paragraphs of Lorem Ipsum dummy text
\g__lipsum_par_int=\count290
\l__lipsum_a_int=\count291
\l__lipsum_b_int=\count292
 (C:\Users\Thijs Vercammen\AppData\Local\Programs\MiKTeX\tex/latex/lipsum\lipsum.ltd.tex)) (C:\Users\Thijs Vercammen\AppData\Local\Programs\MiKTeX\tex/latex/sectsty\sectsty.sty
Package: sectsty 2002/02/25 v2.0.2 Commands to change all sectional heading styles


LaTeX Warning: Command \underbar  has changed.
               Check if current package is valid.


LaTeX Warning: Command \underline  has changed.
               Check if current package is valid.

) (C:\Users\Thijs Vercammen\AppData\Local\Programs\MiKTeX\tex/latex/wrapfig\wrapfig.sty
\wrapoverhang=\dimen172
\WF@size=\dimen173
\c@WF@wrappedlines=\count293
\WF@box=\box55
\WF@everypar=\toks25
Package: wrapfig 2003/01/31  v 3.6
) (C:\Users\Thijs Vercammen\AppData\Local\Programs\MiKTeX\tex/latex/pythonhighlight\pythonhighlight.sty
Package: pythonhighlight 2017/02/09 python code highlighting; provided by Olivier Verdier <olivier.verdier@gmail.com>
) (C:\Users\Thijs Vercammen\AppData\Local\Programs\MiKTeX\tex/latex/float\float.sty
Package: float 2001/11/08 v1.3d Float enhancements (AL)
\c@float@type=\count294
\float@exts=\toks26
\float@box=\box56
\@float@everytoks=\toks27
\@floatcapt=\box57
) (fiiw.sty (C:\Users\Thijs Vercammen\AppData\Local\Programs\MiKTeX\tex/latex/parallel\parallel.sty
Package: parallel 2003/04/13, setting two texts parallel (me)
 `parallel': setting two texts parallel, (beta 4) 2003/04/13.
\ParallelLWidth=\dimen174
\ParallelRWidth=\dimen175
\ParallelTextWidth=\dimen176
\ParallelLeftMargin=\dimen177
\ParallelUserMidSkip=\dimen178
\ParallelMainMidSkip=\dimen179
\ParallelLBox=\box58
\ParallelRBox=\box59
\ParallelBoxVar=\box60
\ParallelLTok=\box61
\ParallelRTok=\box62
\ParallelBoolVar=\count295
\ParallelBoolMid=\count296
\ParallelWhichBox=\count297
\ParallelMainMode=\count298
\ParallelFNMode=\count299
\ParallelLFNCounter=\count300
\ParallelRFNCounter=\count301
\ParallelMaxFN=\count302
\ParallelFNNumMode=\count303
) (C:\Users\Thijs Vercammen\AppData\Local\Programs\MiKTeX\tex/latex/textpos\textpos.sty
Package: textpos 2020/09/26 v1.10

Package: textpos 2020/09/26 1.10, absolute positioning of text on the page
Package textpos Info: choosing support for LaTeX3 on input line 61.
\TP@textbox=\box63
\TPHorizModule=\dimen180
\TPVertModule=\dimen181
\TP@margin=\dimen182
\TP@absmargin=\dimen183
Grid set 16 x 16 = 37.34424pt x 52.81541pt
\TPboxrulesize=\dimen184
\TP@tbargs=\toks28
) (C:\Users\Thijs Vercammen\AppData\Local\Programs\MiKTeX\tex/latex/fancyhdr\fancyhdr.sty
Package: fancyhdr 2021/01/28 v4.0.1 Extensive control of page headers and footers
\f@nch@headwidth=\skip55
\f@nch@O@elh=\skip56
\f@nch@O@erh=\skip57
\f@nch@O@olh=\skip58
\f@nch@O@orh=\skip59
\f@nch@O@elf=\skip60
\f@nch@O@erf=\skip61
\f@nch@O@olf=\skip62
\f@nch@O@orf=\skip63
)

Package fancyhdr Warning: \fancyhead's `E' option without twoside option is useless on input line 36.


Package fancyhdr Warning: \fancyhead's `E' option without twoside option is useless on input line 37.

)
LaTeX Font Info:    Font shape `OT1/phv/m/n' will be
(Font)              scaled to size 9.85492pt on input line 103.
 (thesis.aux

LaTeX Warning: Label `tab:TFop' multiply defined.

)
\openout1 = `thesis.aux'.

LaTeX Font Info:    Checking defaults for OML/cmm/m/it on input line 103.
LaTeX Font Info:    ... okay on input line 103.
LaTeX Font Info:    Checking defaults for OMS/pzccm/m/n on input line 103.
LaTeX Font Info:    Trying to load font information for OMS+pzccm on input line 103.
 (C:\Users\Thijs Vercammen\AppData\Local\Programs\MiKTeX\tex/latex/psnfss\omspzccm.fd
File: omspzccm.fd 2000/01/03 Fontinst v1.801 font definitions for OMS/pzccm.
)
LaTeX Font Info:    ... okay on input line 103.
LaTeX Font Info:    Checking defaults for OT1/cmr/m/n on input line 103.
LaTeX Font Info:    ... okay on input line 103.
LaTeX Font Info:    Checking defaults for T1/cmr/m/n on input line 103.
LaTeX Font Info:    ... okay on input line 103.
LaTeX Font Info:    Checking defaults for TS1/cmr/m/n on input line 103.
LaTeX Font Info:    ... okay on input line 103.
LaTeX Font Info:    Checking defaults for OMX/cmex/m/n on input line 103.
LaTeX Font Info:    ... okay on input line 103.
LaTeX Font Info:    Checking defaults for U/cmr/m/n on input line 103.
LaTeX Font Info:    ... okay on input line 103.
LaTeX Font Info:    Checking defaults for PD1/pdf/m/n on input line 103.
LaTeX Font Info:    ... okay on input line 103.
LaTeX Font Info:    Checking defaults for PU/pdf/m/n on input line 103.
LaTeX Font Info:    ... okay on input line 103.

*geometry* driver: auto-detecting
*geometry* detected driver: pdftex
*geometry* verbose mode - [ preamble ] result:
* driver: pdftex
* paper: a4paper
* layout: <same size as paper>
* layoutoffset:(h,v)=(0.0pt,0.0pt)
* modes: 
* h-part:(L,W,R)=(99.58464pt, 426.79135pt, 71.13188pt)
* v-part:(T,H,B)=(99.58464pt, 645.87756pt, 99.58464pt)
* \paperwidth=597.50787pt
* \paperheight=845.04684pt
* \textwidth=426.79135pt
* \textheight=645.87756pt
* \oddsidemargin=27.31465pt
* \evensidemargin=27.31465pt
* \topmargin=-9.68535pt
* \headheight=14.0pt
* \headsep=25.0pt
* \topskip=11.0pt
* \footskip=30.0pt
* \marginparwidth=50.0pt
* \marginparsep=10.0pt
* \columnsep=10.0pt
* \skip\footins=10.0pt plus 4.0pt minus 2.0pt
* \hoffset=0.0pt
* \voffset=0.0pt
* \mag=1000
* \@twocolumnfalse
* \@twosidefalse
* \@mparswitchfalse
* \@reversemarginfalse
* (1in=72.27pt=25.4mm, 1cm=28.453pt)

(C:\Users\Thijs Vercammen\AppData\Local\Programs\MiKTeX\tex/context/base/mkii\supp-pdf.mkii
[Loading MPS to PDF converter (version 2006.09.02).]
\scratchcounter=\count304
\scratchdimen=\dimen185
\scratchbox=\box64
\nofMPsegments=\count305
\nofMParguments=\count306
\everyMPshowfont=\toks29
\MPscratchCnt=\count307
\MPscratchDim=\dimen186
\MPnumerator=\count308
\makeMPintoPDFobject=\count309
\everyMPtoPDFconversion=\toks30
) (C:\Users\Thijs Vercammen\AppData\Local\Programs\MiKTeX\tex/latex/epstopdf-pkg\epstopdf-base.sty
Package: epstopdf-base 2020-01-24 v2.11 Base part for package epstopdf
Package epstopdf-base Info: Redefining graphics rule for `.eps' on input line 485.
 (C:\Users\Thijs Vercammen\AppData\Local\Programs\MiKTeX\tex/latex/00miktex\epstopdf-sys.cfg
File: epstopdf-sys.cfg 2021/03/18 v2.0 Configuration of epstopdf for MiKTeX
))
\c@lstlisting=\count310
Package hyperref Info: Link coloring OFF on input line 103.
 (C:\Users\Thijs Vercammen\AppData\Local\Programs\MiKTeX\tex/latex/hyperref\nameref.sty
Package: nameref 2021-04-02 v2.47 Cross-referencing by name of section
 (C:\Users\Thijs Vercammen\AppData\Local\Programs\MiKTeX\tex/latex/refcount\refcount.sty
Package: refcount 2019/12/15 v3.6 Data extraction from label references (HO)
) (C:\Users\Thijs Vercammen\AppData\Local\Programs\MiKTeX\tex/generic/gettitlestring\gettitlestring.sty
Package: gettitlestring 2019/12/15 v1.6 Cleanup title references (HO)
)
\c@section@level=\count311
)
LaTeX Info: Redefining \ref on input line 103.
LaTeX Info: Redefining \pageref on input line 103.
LaTeX Info: Redefining \nameref on input line 103.
 (thesis.out) (thesis.out)
\@outlinefile=\write3
\openout3 = `thesis.out'.

Package caption Info: Begin \AtBeginDocument code.
Package caption Info: float package is loaded.
Package caption Info: wrapfig package is loaded.
Package caption Info: End \AtBeginDocument code.
 (C:\Users\Thijs Vercammen\AppData\Local\Programs\MiKTeX\tex/latex/pdflscape\pdflscape.sty
Package: pdflscape 2019/12/05 v0.12 Display of landscape pages in PDF (HO)
 (C:\Users\Thijs Vercammen\AppData\Local\Programs\MiKTeX\tex/latex/graphics\lscape.sty
Package: lscape 2020/05/28 v3.02 Landscape Pages (DPC)
)
Package pdflscape Info: Auto-detected driver: pdftex on input line 81.
)

pdfTeX warning: pdflatex (file ./private/cover_fiiw_denayer.pdf): PDF inclusion: found PDF version <1.7>, but at most version <1.5> allowed
<private/cover_fiiw_denayer.pdf, id=247, 597.55246pt x 845.07718pt>
File: private/cover_fiiw_denayer.pdf Graphic file (type pdf)
<use private/cover_fiiw_denayer.pdf>
Package pdftex.def Info: private/cover_fiiw_denayer.pdf  used on input line 106.
(pdftex.def)             Requested size: 597.50787pt x 845.07512pt.
LaTeX Font Info:    Font shape `OT1/phv/m/n' will be
(Font)              scaled to size 35.99976pt on input line 106.
LaTeX Font Info:    Font shape `OT1/phv/m/n' will be
(Font)              scaled to size 15.55188pt on input line 106.

Underfull \hbox (badness 10000) in paragraph at lines 106--106

 []


Underfull \hbox (badness 10000) in paragraph at lines 106--106

 []

LaTeX Font Info:    Font shape `OT1/phv/b/n' will be
(Font)              scaled to size 15.55188pt on input line 106.
LaTeX Font Info:    Font shape `OT1/phv/m/n' will be
(Font)              scaled to size 10.79993pt on input line 106.
[1

{C:/Users/Thijs Vercammen/AppData/Local/MiKTeX/pdftex/config/pdftex.map} <./private/cover_fiiw_denayer.pdf>]
LaTeX Font Info:    Trying to load font information for TS1+phv on input line 106.
 (C:\Users\Thijs Vercammen\AppData\Local\Programs\MiKTeX\tex/latex/psnfss\ts1phv.fd
File: ts1phv.fd 2020/03/25 scalable font definitions for TS1/phv.
)
Underfull \hbox (badness 10000) in paragraph at lines 106--106

 []


Underfull \hbox (badness 10000) in paragraph at lines 106--106

 []

[2

]
LaTeX Font Info:    Font shape `OT1/phv/m/n' will be
(Font)              scaled to size 22.39185pt on input line 106.
LaTeX Font Info:    Font shape `OT1/phv/b/n' will be
(Font)              scaled to size 22.39185pt on input line 106.
 (voorwoord.tex)
LaTeX Font Info:    Font shape `OT1/phv/m/n' will be
(Font)              scaled to size 7.19995pt on input line 106.
LaTeX Font Info:    Font shape `OT1/phv/b/n' will be
(Font)              scaled to size 7.19995pt on input line 106.
 [3


] (samenvatting.tex
LaTeX Font Info:    Font shape `OT1/phv/b/n' will be
(Font)              scaled to size 9.85492pt on input line 1.
) [4

] (abstract.tex) [5

] (thesis.toc
LaTeX Font Info:    Trying to load font information for OT1+ptmcm on input line 12.
 (C:\Users\Thijs Vercammen\AppData\Local\Programs\MiKTeX\tex/latex/psnfss\ot1ptmcm.fd
File: ot1ptmcm.fd 2000/01/03 Fontinst v1.801 font definitions for OT1/ptmcm.
)
LaTeX Font Info:    Trying to load font information for OML+ptmcm on input line 12.
 (C:\Users\Thijs Vercammen\AppData\Local\Programs\MiKTeX\tex/latex/psnfss\omlptmcm.fd
File: omlptmcm.fd 2000/01/03 Fontinst v1.801 font definitions for OML/ptmcm.
)
LaTeX Font Info:    Trying to load font information for OMX+psycm on input line 12.
 (C:\Users\Thijs Vercammen\AppData\Local\Programs\MiKTeX\tex/latex/psnfss\omxpsycm.fd
File: omxpsycm.fd 2000/01/03 Fontinst v1.801 font definitions for OMX/psycm.
)
LaTeX Font Info:    Font shape `OT1/ptm/bx/n' in size <10.95> not available
(Font)              Font shape `OT1/ptm/b/n' tried instead on input line 12.
LaTeX Font Info:    Font shape `OT1/ptm/bx/n' in size <8> not available
(Font)              Font shape `OT1/ptm/b/n' tried instead on input line 12.
LaTeX Font Info:    Font shape `OT1/ptm/bx/n' in size <6> not available
(Font)              Font shape `OT1/ptm/b/n' tried instead on input line 12.
 [6

] [7])
\tf@toc=\write4
\openout4 = `thesis.toc'.

 [8] (thesis.lof)
\tf@lof=\write5
\openout5 = `thesis.lof'.

 [9

] (thesis.lot)
\tf@lot=\write6
\openout6 = `thesis.lot'.

 (symbolen.tex [10

]) (afkortingen.tex [11

])
Underfull \hbox (badness 10000) in paragraph at lines 3--106

 []

[12

] (hfdst1.tex
Hoofdstuk 1.
LaTeX Font Info:    Font shape `OT1/phv/m/n' will be
(Font)              scaled to size 18.66588pt on input line 8.
LaTeX Font Info:    Font shape `OT1/phv/b/n' will be
(Font)              scaled to size 18.66588pt on input line 8.
LaTeX Font Info:    Font shape `OT1/phv/m/n' will be
(Font)              scaled to size 12.9599pt on input line 10.
LaTeX Font Info:    Font shape `OT1/phv/b/n' will be
(Font)              scaled to size 12.9599pt on input line 10.
[1


]) (hfdst2.tex [2]
Hoofdstuk 2.
LaTeX Font Info:    Font shape `OT1/phv/b/n' will be
(Font)              scaled to size 10.79993pt on input line 18.
[3

]
<fig/embedding.png, id=444, 702.625pt x 486.81876pt>
File: fig/embedding.png Graphic file (type png)
<use fig/embedding.png>
Package pdftex.def Info: fig/embedding.png  used on input line 34.
(pdftex.def)             Requested size: 298.75264pt x 206.99551pt.
LaTeX Font Info:    Font shape `OT1/phv/m/n' will be
(Font)              scaled to size 8.99994pt on input line 35.
LaTeX Font Info:    Font shape `OT1/phv/b/n' will be
(Font)              scaled to size 8.99994pt on input line 35.
<fig/cnn_2.png, id=450, 853.1875pt x 322.20375pt>
File: fig/cnn_2.png Graphic file (type png)
<use fig/cnn_2.png>
Package pdftex.def Info: fig/cnn_2.png  used on input line 47.
(pdftex.def)             Requested size: 362.77525pt x 137.00114pt.
 [4 <./fig/embedding.png (PNG copy)> <./fig/cnn_2.png>]
<fig/convolution layer.png, id=457, 333.245pt x 281.05pt>
File: fig/convolution layer.png Graphic file (type png)
<use fig/convolution layer.png>
Package pdftex.def Info: fig/convolution layer.png  used on input line 69.
(pdftex.def)             Requested size: 149.37958pt x 125.98244pt.
<fig/ReLu.png, id=461, 358.33875pt x 279.0425pt>
File: fig/ReLu.png Graphic file (type png)
<use fig/ReLu.png>
Package pdftex.def Info: fig/ReLu.png  used on input line 84.
(pdftex.def)             Requested size: 149.37958pt x 116.32419pt.
 [5 <./fig/convolution layer.png> <./fig/ReLu.png (PNG copy)>]
<fig/Maxpool.png, id=469, 164.25pt x 68.547pt>
File: fig/Maxpool.png Graphic file (type png)
<use fig/Maxpool.png>
Package pdftex.def Info: fig/Maxpool.png  used on input line 98.
(pdftex.def)             Requested size: 213.39568pt x 89.06503pt.
 [6 <./fig/Maxpool.png>] [7]
<fig/Faster-R-CNN.png, id=497, 853.1875pt x 861.2175pt>
File: fig/Faster-R-CNN.png Graphic file (type png)
<use fig/Faster-R-CNN.png>
Package pdftex.def Info: fig/Faster-R-CNN.png  used on input line 194.
(pdftex.def)             Requested size: 149.37958pt x 150.78102pt.
 [8 <./fig/Faster-R-CNN.png>]
<fig/YOLO.jpg, id=504, 602.25pt x 382.42876pt>
File: fig/YOLO.jpg Graphic file (type jpg)
<use fig/YOLO.jpg>
Package pdftex.def Info: fig/YOLO.jpg  used on input line 209.
(pdftex.def)             Requested size: 256.07741pt x 162.61467pt.
<fig/SSD.png, id=511, 1609.01125pt x 524.96124pt>
File: fig/SSD.png Graphic file (type png)
<use fig/SSD.png>
Package pdftex.def Info: fig/SSD.png  used on input line 237.
(pdftex.def)             Requested size: 341.43437pt x 111.39058pt.
) (hfdst3.tex [9 <./fig/YOLO.jpg>] [10 <./fig/SSD.png>]
Hoofdstuk 3.
[11

] [12] [13] (C:\Users\Thijs Vercammen\AppData\Local\Programs\MiKTeX\tex/latex/listings\lstlang1.sty
File: lstlang1.sty 2020/03/24 1.8d listings language file
) [14]
<fig/onnx.jpeg, id=639, 1405.25pt x 1153.30875pt>
File: fig/onnx.jpeg Graphic file (type jpg)
<use fig/onnx.jpeg>
Package pdftex.def Info: fig/onnx.jpeg  used on input line 143.
(pdftex.def)             Requested size: 298.75264pt x 245.19365pt.
 [15 <./fig/onnx.jpeg>] [16] [17]

Package Listings Warning: Text dropped after begin of listing on input line 250.

<fig/TFLite_workflow.png, id=687, 1062.97125pt x 564.1075pt>
File: fig/TFLite_workflow.png Graphic file (type png)
<use fig/TFLite_workflow.png>
Package pdftex.def Info: fig/TFLite_workflow.png  used on input line 264.
(pdftex.def)             Requested size: 298.75264pt x 158.54294pt.
[18 <./fig/TFLite_workflow.png (PNG copy)>] [19] [20] [21] [22] [23]
<fig/pruning.jpg, id=804, 751.80875pt x 375.4025pt>
File: fig/pruning.jpg Graphic file (type jpg)
<use fig/pruning.jpg>
Package pdftex.def Info: fig/pruning.jpg  used on input line 483.
(pdftex.def)             Requested size: 277.41176pt x 138.52441pt.
<fig/kwantization.png, id=808, 1405.25pt x 649.42625pt>
File: fig/kwantization.png Graphic file (type png)
<use fig/kwantization.png>
Package pdftex.def Info: fig/kwantization.png  used on input line 498.
(pdftex.def)             Requested size: 298.75264pt x 138.06813pt.
 [24 <./fig/pruning.jpg> <./fig/kwantization.png (PNG copy)>]
<fig/clus.jpg, id=819, 361.95226pt x 167.4255pt>
File: fig/clus.jpg Graphic file (type jpg)
<use fig/clus.jpg>
Package pdftex.def Info: fig/clus.jpg  used on input line 511.
(pdftex.def)             Requested size: 298.75264pt x 138.1967pt.
) (hfdst6.tex [25 <./fig/clus.jpg>]
Hoofdstuk 4.
[26

]
LaTeX Info: Symbol \textrightarrow not provided by
            font family phv in TS1 encoding.
            Default family used instead on input line 46.
LaTeX Font Info:    Trying to load font information for TS1+cmss on input line 46.
 (C:\Users\Thijs Vercammen\AppData\Local\Programs\MiKTeX\tex/latex/base\ts1cmss.fd
File: ts1cmss.fd 2019/12/16 v2.5j Standard LaTeX font definitions
)) (hfdst7.tex [27] [28]
Hoofdstuk 5.
[29

]
LaTeX Info: Symbol \textrightarrow not provided by
            font family phv in TS1 encoding.
            Default family used instead on input line 64.
 [30] [31]) (thesis.bbl [32]
LaTeX Font Info:    Trying to load font information for OMS+phv on input line 23.
 (C:\Users\Thijs Vercammen\AppData\Local\Programs\MiKTeX\tex/latex/psnfss\omsphv.fd
File: omsphv.fd 
)
LaTeX Font Info:    Font shape `OMS/phv/m/n' in size <10.95> not available
(Font)              Font shape `OMS/cmsy/m/n' tried instead on input line 23.
LaTeX Font Info:    Font shape `OT1/phv/m/it' in size <10.95> not available
(Font)              Font shape `OT1/phv/m/sl' tried instead on input line 57.
LaTeX Font Info:    Font shape `OT1/phv/m/sl' will be
(Font)              scaled to size 9.85492pt on input line 57.
 [33

]
Underfull \hbox (badness 10000) in paragraph at lines 109--113
[]\OT1/phv/m/n/10.95 Khan, J. (2020).  MACE: Deep learning op-ti-mi-zed for mo-
 []


Underfull \hbox (badness 10000) in paragraph at lines 109--113
\OT1/phv/m/n/10.95 bile and edge de-vi-ces.  []$\OT1/pcr/m/n/10.95 https : / / heartbeat . comet . ml /
 []

[34]
Underfull \hbox (badness 10000) in paragraph at lines 179--184
[]\OT1/phv/m/n/10.95 ONNX (2021).  tf2onnx - Con-vert TensorFlow, Keras, Tensorflow.js and Tflite
 []


Underfull \hbox (badness 10000) in paragraph at lines 179--184
\OT1/phv/m/n/10.95 mo-dels to ONNX.  []$\OT1/pcr/m/n/10.95 https : / / github . com / onnx / tensorflow-[]onnx / blob /
 []

) (bijlage1.tex [35]
B\ij lage A.

Underfull \hbox (badness 10000) in paragraph at lines 6--10

 []

)

pdfTeX warning: pdflatex (file ./private/back_fiiw_denayer.pdf): PDF inclusion: found PDF version <1.7>, but at most version <1.5> allowed
<private/back_fiiw_denayer.pdf, id=907, 597.55246pt x 845.07718pt>
File: private/back_fiiw_denayer.pdf Graphic file (type pdf)
<use private/back_fiiw_denayer.pdf>
Package pdftex.def Info: private/back_fiiw_denayer.pdf  used on input line 128.
(pdftex.def)             Requested size: 597.551pt x 845.07512pt.


pdfTeX warning: pdflatex (file ./private/back_fiiw_denayer.pdf): PDF inclusion: found PDF version <1.7>, but at most version <1.5> allowed
File: private/back_fiiw_denayer.pdf Graphic file (type pdf)
<use private/back_fiiw_denayer.pdf>
Package pdftex.def Info: private/back_fiiw_denayer.pdf  used on input line 128.
(pdftex.def)             Requested size: 597.551pt x 845.07512pt.


pdfTeX warning: pdflatex (file ./private/back_fiiw_denayer.pdf): PDF inclusion: found PDF version <1.7>, but at most version <1.5> allowed


pdfTeX warning: pdflatex (file ./private/back_fiiw_denayer.pdf): PDF inclusion: found PDF version <1.7>, but at most version <1.5> allowed
<private/back_fiiw_denayer.pdf, id=910, page=1, 597.55246pt x 845.07718pt>
File: private/back_fiiw_denayer.pdf Graphic file (type pdf)
<use private/back_fiiw_denayer.pdf, page 1>
Package pdftex.def Info: private/back_fiiw_denayer.pdf , page1 used on input line 128.
(pdftex.def)             Requested size: 597.551pt x 845.07512pt.
File: private/back_fiiw_denayer.pdf Graphic file (type pdf)
<use private/back_fiiw_denayer.pdf, page 1>
Package pdftex.def Info: private/back_fiiw_denayer.pdf , page1 used on input line 128.
(pdftex.def)             Requested size: 597.57834pt x 845.1138pt.
[36

]
File: private/back_fiiw_denayer.pdf Graphic file (type pdf)
<use private/back_fiiw_denayer.pdf, page 1>
Package pdftex.def Info: private/back_fiiw_denayer.pdf , page1 used on input line 128.
(pdftex.def)             Requested size: 597.57834pt x 845.1138pt.
File: private/back_fiiw_denayer.pdf Graphic file (type pdf)
<use private/back_fiiw_denayer.pdf, page 1>
Package pdftex.def Info: private/back_fiiw_denayer.pdf , page1 used on input line 128.
(pdftex.def)             Requested size: 597.57834pt x 845.1138pt.
File: private/back_fiiw_denayer.pdf Graphic file (type pdf)
<use private/back_fiiw_denayer.pdf, page 1>
Package pdftex.def Info: private/back_fiiw_denayer.pdf , page1 used on input line 128.
(pdftex.def)             Requested size: 597.57834pt x 845.1138pt.
 [37 <./private/back_fiiw_denayer.pdf>] (thesis.aux)

LaTeX Warning: There were multiply-defined labels.

Package rerunfilecheck Info: File `thesis.out' has not changed.
(rerunfilecheck)             Checksum: 4750C00EFAAAC590495BDEF83E256C9D;10326.
 ) 
Here is how much of TeX's memory you used:
 16360 strings out of 478907
 258980 string characters out of 2847115
 960215 words of memory out of 3000000
 33661 multiletter control sequences out of 15000+600000
 447628 words of font info for 100 fonts, out of 8000000 for 9000
 1149 hyphenation exceptions out of 8191
 70i,17n,81p,694b,1631s stack positions out of 5000i,500n,10000p,200000b,80000s
{C:/Users/Thijs Vercammen/AppData/Local/Programs/MiKTeX/fonts/enc/dvips/base/8r.enc} <C:\Users\Thijs Vercammen\AppData\Local\MiKTeX\fonts/pk/ljfour/jknappen/ec/dpi600\tcss1095.pk><C:/Users/Thijs Vercammen/AppData/Local/Programs/MiKTeX/fonts/type1/public/amsfonts/cm/cmmi10.pfb><C:/Users/Thijs Vercammen/AppData/Local/Programs/MiKTeX/fonts/type1/public/amsfonts/cm/cmr10.pfb><C:/Users/Thijs Vercammen/AppData/Local/Programs/MiKTeX/fonts/type1/public/amsfonts/cm/cmsy10.pfb><C:/Users/Thijs Vercammen/AppData/Local/Programs/MiKTeX/fonts/type1/urw/courier/ucrb8a.pfb><C:/Users/Thijs Vercammen/AppData/Local/Programs/MiKTeX/fonts/type1/urw/courier/ucrr8a.pfb><C:/Users/Thijs Vercammen/AppData/Local/Programs/MiKTeX/fonts/type1/urw/courier/ucrro8a.pfb><C:/Users/Thijs Vercammen/AppData/Local/Programs/MiKTeX/fonts/type1/urw/helvetic/uhvb8a.pfb><C:/Users/Thijs Vercammen/AppData/Local/Programs/MiKTeX/fonts/type1/urw/helvetic/uhvr8a.pfb><C:/Users/Thijs Vercammen/AppData/Local/Programs/MiKTeX/fonts/type1/urw/helvetic/uhvro8a.pfb><C:/Users/Thijs Vercammen/AppData/Local/Programs/MiKTeX/fonts/type1/urw/times/utmr8a.pfb><C:/Users/Thijs Vercammen/AppData/Local/Programs/MiKTeX/fonts/type1/urw/times/utmri8a.pfb>
Output written on thesis.pdf (49 pages, 1475261 bytes).
PDF statistics:
 1033 PDF objects out of 1200 (max. 8388607)
 235 named destinations out of 1000 (max. 500000)
 579 words of extra memory for PDF output out of 10000 (max. 10000000)

