\BOOKMARK [0][-]{chapter*.1}{\376\377\000V\000o\000o\000r\000w\000o\000o\000r\000d}{}% 1
\BOOKMARK [0][-]{chapter*.2}{\376\377\000S\000a\000m\000e\000n\000v\000a\000t\000t\000i\000n\000g}{}% 2
\BOOKMARK [0][-]{chapter*.3}{\376\377\000A\000b\000s\000t\000r\000a\000c\000t}{}% 3
\BOOKMARK [0][-]{chapter*.4}{\376\377\000I\000n\000h\000o\000u\000d}{}% 4
\BOOKMARK [0][-]{chapter*.5}{\376\377\000F\000i\000g\000u\000r\000e\000n\000l\000i\000j\000s\000t}{}% 5
\BOOKMARK [0][-]{chapter*.6}{\376\377\000T\000a\000b\000e\000l\000l\000e\000n\000l\000i\000j\000s\000t}{}% 6
\BOOKMARK [0][-]{chapter*.7}{\376\377\000S\000y\000m\000b\000o\000l\000e\000n\000l\000i\000j\000s\000t}{}% 7
\BOOKMARK [0][-]{chapter*.9}{\376\377\000L\000i\000j\000s\000t\000\040\000m\000e\000t\000\040\000a\000f\000k\000o\000r\000t\000i\000n\000g\000e\000n}{}% 8
\BOOKMARK [0][-]{chapter.1}{\376\377\000S\000i\000t\000u\000e\000r\000i\000n\000g\000\040\000e\000n\000\040\000d\000o\000e\000l\000s\000t\000e\000l\000l\000i\000n\000g}{}% 9
\BOOKMARK [1][-]{section.1.1}{\376\377\000S\000i\000t\000u\000e\000r\000i\000n\000g}{chapter.1}% 10
\BOOKMARK [1][-]{section.1.2}{\376\377\000P\000r\000o\000b\000l\000e\000e\000m\000s\000t\000e\000l\000l\000i\000n\000g}{chapter.1}% 11
\BOOKMARK [1][-]{section.1.3}{\376\377\000D\000o\000e\000l\000s\000t\000e\000l\000l\000i\000n\000g\000e\000n}{chapter.1}% 12
\BOOKMARK [0][-]{chapter.2}{\376\377\000H\000e\000r\000k\000e\000n\000n\000i\000n\000g\000\040\000e\000n\000\040\000D\000e\000t\000e\000c\000t\000i\000e\000\040\000A\000l\000g\000e\000m\000e\000e\000n}{}% 13
\BOOKMARK [1][-]{section.2.1}{\376\377\000D\000e\000e\000p\000\040\000l\000e\000a\000r\000n\000i\000n\000g\000-\000g\000e\000b\000a\000s\000e\000e\000r\000d\000e\000\040\000h\000e\000r\000k\000e\000n\000i\000n\000g\000s\000s\000y\000s\000t\000e\000m\000e\000n}{chapter.2}% 14
\BOOKMARK [2][-]{subsection.2.1.1}{\376\377\000H\000e\000r\000k\000e\000n\000n\000i\000n\000g}{section.2.1}% 15
\BOOKMARK [2][-]{subsection.2.1.2}{\376\377\000c\000o\000n\000v\000o\000l\000u\000t\000i\000o\000n\000e\000e\000l\000\040\000n\000e\000u\000r\000a\000a\000l\000\040\000n\000e\000t\000w\000e\000r\000k\000\040\000\050\000C\000N\000N\000\051\000\040}{section.2.1}% 16
\BOOKMARK [2][-]{subsection.2.1.3}{\376\377\000T\000r\000a\000i\000n\000e\000n\000\040\000v\000a\000n\000\040\000e\000e\000n\000\040\000C\000N\000N}{section.2.1}% 17
\BOOKMARK [1][-]{section.2.2}{\376\377\000D\000e\000e\000p\000\040\000l\000e\000a\000r\000n\000i\000n\000g\000-\000g\000e\000b\000a\000s\000e\000e\000r\000d\000e\000\040\000d\000e\000t\000e\000c\000t\000o\000r}{chapter.2}% 18
\BOOKMARK [2][-]{subsection.2.2.1}{\376\377\000T\000w\000o\000-\000s\000t\000a\000g\000e\000\040\000d\000e\000t\000e\000c\000t\000o\000r}{section.2.2}% 19
\BOOKMARK [2][-]{subsection.2.2.2}{\376\377\000O\000n\000e\000-\000s\000t\000a\000g\000e\000\040\000d\000e\000t\000e\000c\000t\000o\000r}{section.2.2}% 20
\BOOKMARK [0][-]{chapter.3}{\376\377\000H\000e\000r\000k\000e\000n\000n\000i\000n\000g\000\040\000e\000n\000\040\000d\000e\000t\000e\000c\000t\000i\000e\000\040\000i\000m\000p\000l\000e\000m\000e\000n\000t\000a\000t\000i\000e\000\040\000o\000p\000\040\000m\000o\000b\000i\000e\000l\000\040\000p\000l\000a\000t\000f\000o\000r\000m}{}% 21
\BOOKMARK [1][-]{section.3.1}{\376\377\000V\000a\000n\000\040\000o\000b\000j\000e\000c\000t\000\040\000d\000e\000t\000e\000c\000t\000i\000e\000\040\000m\000o\000d\000e\000l\000\040\000n\000a\000a\000r\000\040\000e\000e\000n\000\040\000m\000o\000b\000i\000e\000l\000e\000\040\000I\000m\000p\000l\000e\000m\000e\000n\000t\000a\000t\000i\000e}{chapter.3}% 22
\BOOKMARK [1][-]{section.3.2}{\376\377\000F\000r\000a\000m\000e\000w\000o\000r\000k\000s}{chapter.3}% 23
\BOOKMARK [2][-]{subsection.3.2.1}{\376\377\000T\000e\000n\000s\000o\000r\000F\000l\000o\000w}{section.3.2}% 24
\BOOKMARK [2][-]{subsection.3.2.2}{\376\377\000P\000y\000T\000o\000r\000c\000h}{section.3.2}% 25
\BOOKMARK [1][-]{section.3.3}{\376\377\000O\000b\000j\000e\000c\000t\000\040\000d\000e\000t\000e\000c\000t\000i\000e\000\040\000b\000i\000b\000l\000i\000o\000t\000h\000e\000k\000e\000n}{chapter.3}% 26
\BOOKMARK [2][-]{subsection.3.3.1}{\376\377\000M\000M\000D\000e\000t\000e\000c\000t\000i\000o\000n}{section.3.3}% 27
\BOOKMARK [2][-]{subsection.3.3.2}{\376\377\000D\000e\000t\000e\000c\000t\000r\000o\000n\0002}{section.3.3}% 28
\BOOKMARK [2][-]{subsection.3.3.3}{\376\377\000D\000a\000r\000k\000f\000l\000o\000w}{section.3.3}% 29
\BOOKMARK [2][-]{subsection.3.3.4}{\376\377\000I\000m\000a\000g\000e\000A\000I}{section.3.3}% 30
\BOOKMARK [1][-]{section.3.4}{\376\377\000F\000r\000a\000m\000e\000w\000o\000r\000k\000s\000\040\000v\000o\000o\000r\000\040\000m\000o\000b\000i\000e\000l\000e\000\040\000i\000m\000p\000l\000e\000m\000e\000n\000t\000a\000t\000i\000e}{chapter.3}% 31
\BOOKMARK [2][-]{subsection.3.4.1}{\376\377\000C\000o\000r\000e\000M\000L}{section.3.4}% 32
\BOOKMARK [2][-]{subsection.3.4.2}{\376\377\000M\000o\000b\000i\000l\000e\000\040\000A\000I\000\040\000C\000o\000m\000p\000u\000t\000e\000\040\000E\000n\000g\000i\000n\000e\000\040\000\050\000M\000A\000C\000E\000\051}{section.3.4}% 33
\BOOKMARK [2][-]{subsection.3.4.3}{\376\377\000T\000e\000n\000s\000o\000r\000F\000l\000o\000w\000\040\000L\000i\000t\000e}{section.3.4}% 34
\BOOKMARK [2][-]{subsection.3.4.4}{\376\377\000P\000y\000T\000o\000r\000c\000h\000\040\000M\000o\000b\000i\000l\000e}{section.3.4}% 35
\BOOKMARK [1][-]{section.3.5}{\376\377\000C\000o\000n\000v\000e\000r\000t\000e\000r\000e\000n\000\040\000n\000a\000a\000r\000\040\000f\000r\000a\000m\000e\000w\000o\000r\000k\000\040\000v\000o\000o\000r\000\040\000m\000o\000b\000i\000e\000l\000e\000\040\000i\000m\000p\000l\000e\000m\000e\000n\000t\000a\000t\000i\000e}{chapter.3}% 36
\BOOKMARK [2][-]{subsection.3.5.1}{\376\377\000O\000N\000N\000X}{section.3.5}% 37
\BOOKMARK [2][-]{subsection.3.5.2}{\376\377\000V\000a\000n\000\040\000M\000M\000D\000e\000t\000e\000c\000t\000i\000o\000n\000\040\000n\000a\000a\000r\000\040\000d\000e\000t\000e\000c\000t\000i\000e\000\040\000m\000o\000d\000e\000l\000\040\000v\000o\000o\000r\000\040\000m\000o\000b\000i\000l\000e\000\040\000i\000m\000p\000l\000e\000m\000e\000n\000t\000a\000t\000i\000e}{section.3.5}% 38
\BOOKMARK [2][-]{subsection.3.5.3}{\376\377\000V\000a\000n\000\040\000D\000e\000t\000e\000c\000t\000r\000o\000n\0002\000\040\000n\000a\000a\000r\000\040\000m\000o\000b\000i\000l\000e\000\040\000i\000m\000p\000l\000e\000m\000e\000n\000t\000a\000t\000i\000e}{section.3.5}% 39
\BOOKMARK [2][-]{subsection.3.5.4}{\376\377\000V\000a\000n\000\040\000I\000m\000a\000g\000e\000A\000I\000\040\000n\000a\000a\000r\000\040\000m\000o\000b\000i\000l\000e\000\040\000i\000m\000p\000l\000e\000m\000e\000n\000t\000a\000t\000i\000e}{section.3.5}% 40
\BOOKMARK [2][-]{subsection.3.5.5}{\376\377\000V\000a\000n\000\040\000D\000a\000r\000k\000F\000l\000o\000w\000\040\000n\000a\000a\000r\000\040\000m\000o\000b\000i\000l\000e\000\040\000i\000m\000p\000l\000e\000m\000e\000n\000t\000a\000t\000i\000e}{section.3.5}% 41
\BOOKMARK [1][-]{section.3.6}{\376\377\000V\000a\000n\000\040\000e\000e\000n\000\040\000o\000b\000j\000e\000c\000t\000\040\000h\000e\000r\000k\000e\000n\000i\000n\000g\000\040\000m\000o\000d\000e\000l\000\040\000n\000a\000a\000r\000\040\000e\000e\000n\000\040\000m\000o\000b\000i\000e\000l\000e\000\040\000i\000m\000p\000l\000e\000m\000e\000n\000t\000a\000t\000i\000e}{chapter.3}% 42
\BOOKMARK [1][-]{section.3.7}{\376\377\000I\000m\000p\000l\000e\000m\000e\000n\000t\000a\000t\000i\000e\000\040\000o\000p\000\040\000m\000o\000b\000i\000e\000l\000e\000\040\000p\000l\000a\000t\000f\000o\000r\000m\000e\000n}{chapter.3}% 43
\BOOKMARK [1][-]{section.3.8}{\376\377\000O\000p\000t\000i\000m\000a\000l\000i\000s\000a\000t\000i\000e\000s\000\040\000v\000a\000n\000\040\000n\000e\000u\000r\000a\000l\000e\000\040\000n\000e\000t\000w\000e\000r\000k\000e\000n\000\040\000v\000o\000o\000r\000\040\000s\000n\000e\000l\000h\000e\000i\000d\000\040\000e\000n\000\040\000b\000e\000s\000t\000a\000n\000d\000g\000r\000o\000o\000t\000t\000e}{chapter.3}% 44
\BOOKMARK [2][-]{subsection.3.8.1}{\376\377\000P\000r\000u\000n\000i\000n\000g}{section.3.8}% 45
\BOOKMARK [2][-]{subsection.3.8.2}{\376\377\000P\000a\000r\000a\000m\000e\000t\000e\000r\000\040\000q\000u\000a\000n\000t\000i\000s\000a\000t\000i\000e}{section.3.8}% 46
\BOOKMARK [2][-]{subsection.3.8.3}{\376\377\000C\000o\000n\000v\000o\000l\000u\000t\000i\000o\000n\000e\000l\000e\000\040\000f\000i\000l\000t\000e\000r\000\040\000c\000o\000m\000p\000r\000e\000s\000s\000i\000e}{section.3.8}% 47
\BOOKMARK [2][-]{subsection.3.8.4}{\376\377\000M\000a\000t\000r\000i\000x\000\040\000f\000a\000c\000t\000o\000r\000i\000s\000a\000t\000i\000e}{section.3.8}% 48
\BOOKMARK [0][-]{chapter.4}{\376\377\000R\000i\000c\000h\000t\000l\000i\000j\000n\000e\000n\000\040\000v\000o\000o\000r\000\040\000f\000o\000r\000m\000u\000l\000e\000s}{}% 49
\BOOKMARK [0][-]{chapter.5}{\376\377\000R\000i\000c\000h\000t\000l\000i\000j\000n\000e\000n\000\040\000v\000o\000o\000r\000\040\000r\000e\000f\000e\000r\000e\000n\000t\000i\000e\000s}{}% 50
\BOOKMARK [0][-]{appendix.A}{\376\377\000U\000i\000t\000l\000e\000g\000\040\000o\000v\000e\000r\000\040\000d\000e\000\040\000a\000p\000p\000e\000n\000d\000i\000c\000e\000s}{}% 51
